Running Sphinx v9.0.4
loading translations [en]... done
loading pickled environment... The configuration has changed (2 options: 'html_permalinks_icon', 'jquery_use_sri')
done
building [mo]: targets for 0 po files that are out of date
writing output... 
building [html]: targets for 0 source files that are out of date
updating environment: 0 added, 3 changed, 0 removed
reading sources... [ 33%] api
Motor Task object instantiated
Motor Task object instantiated
reading sources... [ 67%] overview
reading sources... [100%] results

WARNING: autodoc: failed to import 'main'; the following exception was raised:
Traceback (most recent call last):
  File "/Library/Frameworks/Python.framework/Versions/3.11/lib/python3.11/site-packages/sphinx/ext/autodoc/_dynamic/_importer.py", line 221, in _import_module
    module = importlib.import_module(modname)
             ^^^^^^^^^^^^^^^^^^^^^^^^^^^^^^^^
  File "/Library/Frameworks/Python.framework/Versions/3.11/lib/python3.11/importlib/__init__.py", line 126, in import_module
    return _bootstrap._gcd_import(name[level:], package, level)
           ^^^^^^^^^^^^^^^^^^^^^^^^^^^^^^^^^^^^^^^^^^^^^^^^^^^^
  File "<frozen importlib._bootstrap>", line 1206, in _gcd_import
  File "<frozen importlib._bootstrap>", line 1178, in _find_and_load
  File "<frozen importlib._bootstrap>", line 1149, in _find_and_load_unlocked
  File "<frozen importlib._bootstrap>", line 690, in _load_unlocked
  File "<frozen importlib._bootstrap_external>", line 940, in exec_module
  File "<frozen importlib._bootstrap>", line 241, in _call_with_frames_removed
  File "/Users/shafiq/Documents/GitHub/Mechantronics/src/main.py", line 83, in <module>
    task_list.append(Task(leftMotorTask.run, name="Left Mot. Task",
                     ^^^^^^^^^^^^^^^^^^^^^^^^^^^^^^^^^^^^^^^^^^^^^^
  File "/Users/shafiq/Documents/GitHub/Mechantronics/src/cotask.py", line 100, in __init__
    self._next_run = utime.ticks_us() + self.period
                     ~~~~~~~~~~~~~~~~~^~~~~~~~~~~~~
TypeError: unsupported operand type(s) for +: 'ticks_us' and 'int'

The above exception was the direct cause of the following exception:

Traceback (most recent call last):
  File "/Library/Frameworks/Python.framework/Versions/3.11/lib/python3.11/site-packages/sphinx/ext/autodoc/_dynamic/_importer.py", line 131, in _import_from_module_and_path
    module = _import_module(module_name, try_reload=True)
             ^^^^^^^^^^^^^^^^^^^^^^^^^^^^^^^^^^^^^^^^^^^^
  File "/Library/Frameworks/Python.framework/Versions/3.11/lib/python3.11/site-packages/sphinx/ext/autodoc/_dynamic/_importer.py", line 233, in _import_module
    raise ImportError(exc, traceback.format_exc()) from exc
ImportError: (TypeError("unsupported operand type(s) for +: 'ticks_us' and 'int'"), 'Traceback (most recent call last):\n  File "/Library/Frameworks/Python.framework/Versions/3.11/lib/python3.11/site-packages/sphinx/ext/autodoc/_dynamic/_importer.py", line 221, in _import_module\n    module = importlib.import_module(modname)\n             ^^^^^^^^^^^^^^^^^^^^^^^^^^^^^^^^\n  File "/Library/Frameworks/Python.framework/Versions/3.11/lib/python3.11/importlib/__init__.py", line 126, in import_module\n    return _bootstrap._gcd_import(name[level:], package, level)\n           ^^^^^^^^^^^^^^^^^^^^^^^^^^^^^^^^^^^^^^^^^^^^^^^^^^^^\n  File "<frozen importlib._bootstrap>", line 1206, in _gcd_import\n  File "<frozen importlib._bootstrap>", line 1178, in _find_and_load\n  File "<frozen importlib._bootstrap>", line 1149, in _find_and_load_unlocked\n  File "<frozen importlib._bootstrap>", line 690, in _load_unlocked\n  File "<frozen importlib._bootstrap_external>", line 940, in exec_module\n  File "<frozen importlib._bootstrap>", line 241, in _call_with_frames_removed\n  File "/Users/shafiq/Documents/GitHub/Mechantronics/src/main.py", line 83, in <module>\n    task_list.append(Task(leftMotorTask.run, name="Left Mot. Task",\n                     ^^^^^^^^^^^^^^^^^^^^^^^^^^^^^^^^^^^^^^^^^^^^^^\n  File "/Users/shafiq/Documents/GitHub/Mechantronics/src/cotask.py", line 100, in __init__\n    self._next_run = utime.ticks_us() + self.period\n                     ~~~~~~~~~~~~~~~~~^~~~~~~~~~~~~\nTypeError: unsupported operand type(s) for +: \'ticks_us\' and \'int\'\n')
 [autodoc.import_object]
/Users/shafiq/Documents/GitHub/Mechantronics/src/encoder.py:docstring of encoder.Encoder.get_rpm:3: WARNING: Field list ends without a blank line; unexpected unindent. [docutils]
/Users/shafiq/Documents/GitHub/Mechantronics/src/encoder.py:docstring of encoder.Encoder.get_velocity:3: WARNING: Field list ends without a blank line; unexpected unindent. [docutils]
/Users/shafiq/Documents/GitHub/Mechantronics/src/IMU_driver.py:docstring of IMU_driver.BNO055.cal_status:9: WARNING: Field list ends without a blank line; unexpected unindent. [docutils]
/Users/shafiq/Documents/GitHub/Mechantronics/docs/overview.rst:17: WARNING: image file not readable: _static/robot_photo.jpg [image.not_readable]
/Users/shafiq/Documents/GitHub/Mechantronics/docs/results.rst:20: WARNING: image file not readable: _static/initial_line_following.jpg [image.not_readable]
looking for now-outdated files... none found
pickling environment... done
checking consistency... done
preparing documents... done
copying assets... 
copying static files... 
Writing evaluated template result to /Users/shafiq/Documents/GitHub/Mechantronics/docs/_build/html/_static/basic.css
Writing evaluated template result to /Users/shafiq/Documents/GitHub/Mechantronics/docs/_build/html/_static/language_data.js
Writing evaluated template result to /Users/shafiq/Documents/GitHub/Mechantronics/docs/_build/html/_static/documentation_options.js
Writing evaluated template result to /Users/shafiq/Documents/GitHub/Mechantronics/docs/_build/html/_static/js/versions.js
copying static files: done
copying extra files... 
copying extra files: done
copying assets: done
writing output... [ 25%] api
writing output... [ 50%] index
writing output... [ 75%] overview
writing output... [100%] results

generating indices... genindex py-modindex done
highlighting module code... [  9%] IMU_driver
highlighting module code... [ 18%] cotask
highlighting module code... [ 27%] encoder
highlighting module code... [ 36%] linesen
highlighting module code... [ 45%] micropython
highlighting module code... [ 55%] motor
highlighting module code... [ 64%] task_controller
highlighting module code... [ 73%] task_motor
highlighting module code... [ 82%] task_observer
highlighting module code... [ 91%] task_share
highlighting module code... [100%] task_user

writing additional pages... search done
copying images... [100%] _static/Game_Track.png

dumping search index in English (code: en)... done
dumping object inventory... done
build succeeded, 6 warnings.

The HTML pages are in _build/html.
